<?xml version="1.0" encoding="UTF-8" ?><testsuite errors="0" name="jasmine.specs" tests="127" failures="0" skipped="0" hostname="localhost" time="0.0" timestamp="2013-07-21T14:33:50"><testcase classname="jasmine" name="alv.util.trim() &quot;nick&quot; should return &quot;nick&quot;" time="0.0" failure="false"/><testcase classname="jasmine" name="alv.util.trim() &quot;ni ck&quot; should return &quot;ni ck&quot;" time="0.0" failure="false"/><testcase classname="jasmine" name="alv.util.trim() &quot;&quot; should return &quot;&quot;" time="0.0" failure="false"/><testcase classname="jasmine" name="alv.util.trim() &quot;  nick&quot; should return &quot;nick&quot;" time="0.0" failure="false"/><testcase classname="jasmine" name="alv.util.trim() &quot;nick    &quot; should return &quot;nick&quot;" time="0.0" failure="false"/><testcase classname="jasmine" name="alv.util.trim() &quot;  nick    &quot; should return &quot;nick&quot;" time="0.0" failure="false"/><testcase classname="jasmine" name="isEmpty validation &quot;&quot; is empty (true)" time="0.0" failure="false"/><testcase classname="jasmine" name="isEmpty validation &quot;nick&quot; is NOT empty (false)" time="0.0" failure="false"/><testcase classname="jasmine" name="isEmpty validation &quot;   &quot; is NOT empty - whitespace is not trimmed (false)" time="0.0" failure="false"/><testcase classname="jasmine" name="isEmpty validation &quot;   nick&quot; is NOT empty - leading whitespace is not trimmed (false)" time="0.0" failure="false"/><testcase classname="jasmine" name="isEmpty validation &quot;nick   &quot; is NOT empty - trailing whitespace is not trimmed (false)" time="0.0" failure="false"/><testcase classname="jasmine" name="isEmpty validation &quot;\t&quot; is NOT empty - tabs are not trimmed (false)" time="0.0" failure="false"/><testcase classname="jasmine" name="isEmpty validation &quot;\n&quot; is NOT empty - new lines are trimmed (false)" time="0.0" failure="false"/><testcase classname="jasmine" name="isEmpty validation &quot;\r&quot; is NOT empty - carriage returns are trimmed (false)" time="0.0" failure="false"/><testcase classname="jasmine" name="isBlank validation &quot;&quot; is blank (true)" time="0.0" failure="false"/><testcase classname="jasmine" name="isBlank validation &quot;nick&quot; is NOT blank (false)" time="0.0" failure="false"/><testcase classname="jasmine" name="isBlank validation &quot;   &quot; is blank - whitespace is trimmed (true)" time="0.0" failure="false"/><testcase classname="jasmine" name="isBlank validation &quot;   nick&quot; is NOT blank - leading whitespace is trimmed (false)" time="0.0" failure="false"/><testcase classname="jasmine" name="isBlank validation &quot;nick   &quot; is NOT blank - trailing whitespace is trimmed (false)" time="0.0" failure="false"/><testcase classname="jasmine" name="isBlank validation &quot;\t&quot; is blank - tabs are trimmed (true)" time="0.0" failure="false"/><testcase classname="jasmine" name="isBlank validation &quot;\n&quot; is blank - new lines are trimmed (true)" time="0.0" failure="false"/><testcase classname="jasmine" name="isBlank validation &quot;\r&quot; is blank - carriage returns are trimmed (true)" time="0.0" failure="false"/><testcase classname="jasmine" name="isEqual validation &quot;nick&quot; equals &quot;nick&quot; (true)" time="0.0" failure="false"/><testcase classname="jasmine" name="isEqual validation &quot;nick&quot; does NOT equal &quot;eric&quot; (false)" time="0.0" failure="false"/><testcase classname="jasmine" name="isEqual validation &quot;&quot; equals &quot;&quot; (true)" time="0.0" failure="false"/><testcase classname="jasmine" name="regExp validation &quot;#FFFFFF&quot; matches &quot;#[A-Fa-f0-9]{6}&quot; (true)" time="0.0" failure="false"/><testcase classname="jasmine" name="regExp validation &quot;FFFFFF&quot; does NOT match &quot;#[A-Fa-f0-9]{6}&quot; (false)" time="0.0" failure="false"/><testcase classname="jasmine" name="regExp validation &quot;26/07/1990&quot; matches &quot;^(3[01]|[12][0-9]|0?[1-9])/(1[0-2]|0?[1-9])/(?:[0-9]{2})?[0-9]{2}$&quot; (true)" time="0.0" failure="false"/><testcase classname="jasmine" name="regExp validation &quot;26/JUL/1990&quot; does NOT match &quot;^(3[01]|[12][0-9]|0?[1-9])/(1[0-2]|0?[1-9])/(?:[0-9]{2})?[0-9]{2}$&quot; (false)" time="0.0" failure="false"/><testcase classname="jasmine" name="isAlphanumeric validation &quot;route66&quot; contains both alphabetic (lowercase) and numeric characters (true)" time="0.0" failure="false"/><testcase classname="jasmine" name="isAlphanumeric validation &quot;Route66&quot; contains both alphabetic (initcap) and numeric characters (true)" time="0.0" failure="false"/><testcase classname="jasmine" name="isAlphanumeric validation &quot;ROUTE66&quot; contains both alphabetic (uppercase) and numeric characters (true)" time="0.0" failure="false"/><testcase classname="jasmine" name="isAlphanumeric validation &quot;Route&quot; contains only alphabetic characters (true)" time="0.0" failure="false"/><testcase classname="jasmine" name="isAlphanumeric validation &quot;66&quot; contains only numeric characters (true)" time="0.0" failure="false"/><testcase classname="jasmine" name="isAlphanumeric validation &quot;Route 66&quot; contains a space (false)" time="0.0" failure="false"/><testcase classname="jasmine" name="isAlphanumeric validation &quot;Route_66&quot; contains an underscore (false)" time="0.0" failure="false"/><testcase classname="jasmine" name="isAlphanumeric validation &quot;&quot; is empty (true)" time="0.0" failure="false"/><testcase classname="jasmine" name="isAlphanumeric validation &quot;   &quot; contains whitespace (false)" time="0.0" failure="false"/><testcase classname="jasmine" name="isNumber validation &quot;123&quot; is a positive number (true)" time="0.0" failure="false"/><testcase classname="jasmine" name="isNumber validation &quot;-123&quot; is a negative number (true)" time="0.0" failure="false"/><testcase classname="jasmine" name="isNumber validation &quot;123.45&quot; is a positive decimal number (true)" time="0.0" failure="false"/><testcase classname="jasmine" name="isNumber validation &quot;-123.45&quot; is a negative decimal number (true)" time="0.0" failure="false"/><testcase classname="jasmine" name="isNumber validation &quot;0&quot; is a number (true)" time="0.0" failure="false"/><testcase classname="jasmine" name="isNumber validation &quot;.123&quot; is a number (true)" time="0.0" failure="false"/><testcase classname="jasmine" name="isNumber validation &quot;-.123&quot; is a number (true)" time="0.0" failure="false"/><testcase classname="jasmine" name="isNumber validation &quot;00001.23&quot; is a number (true)" time="0.0" failure="false"/><testcase classname="jasmine" name="isNumber validation &quot;xyz&quot; is NOT a number (false)" time="0.0" failure="false"/><testcase classname="jasmine" name="isNumber validation &quot;1D&quot; is NOT a number (false)" time="0.0" failure="false"/><testcase classname="jasmine" name="isNumber validation &quot;-1D&quot; is NOT a number (false)" time="0.0" failure="false"/><testcase classname="jasmine" name="isDigit validation &quot;123&quot; contains only digits (true)" time="0.0" failure="false"/><testcase classname="jasmine" name="isDigit validation &quot;-123&quot; contains a minus sign (false)" time="0.0" failure="false"/><testcase classname="jasmine" name="isDigit validation &quot;123xyz&quot; contains both digits and alphabetic characters (false)" time="0.0" failure="false"/><testcase classname="jasmine" name="isDigit validation &quot;xyz&quot; contains only alphabetic characters (false)" time="0.0" failure="false"/><testcase classname="jasmine" name="isEmail validation should validate nickbuytaert@contribute.be - most simple form (true)" time="0.0" failure="false"/><testcase classname="jasmine" name="isEmail validation should validate NICKBUYTAERT@CONTRIBUTE.BE - e-mail address in uppercase (true)" time="0.0" failure="false"/><testcase classname="jasmine" name="isEmail validation should NOT validate nick@contribute - local domain name with no TLD (false)" time="0.0" failure="false"/><testcase classname="jasmine" name="isEmail validation should NOT validate nick.contribute.be - an @ character must separate the local and domain parts (false)" time="0.0" failure="false"/><testcase classname="jasmine" name="isEmail validation should NOT validate nick@buytaert@contribute.be - only one @ is allowed (false)" time="0.0" failure="false"/><testcase classname="jasmine" name="isEmail validation should NOT validate @contribute.be - no local part (false)" time="0.0" failure="false"/><testcase classname="jasmine" name="isEmail validation should NOT validate nickbuytaert - no domain part (false)" time="0.0" failure="false"/><testcase classname="jasmine" name="isEmail validation should validate nick_buytaert@contribute.be - underscore in the local part (true)" time="0.0" failure="false"/><testcase classname="jasmine" name="isEmail validation should validate nick-buytaert@contribute.be - dash in the local part (true)" time="0.0" failure="false"/><testcase classname="jasmine" name="isEmail validation should validate nick.buytaert@contribute.be - dot in the local part (true)" time="0.0" failure="false"/><testcase classname="jasmine" name="isEmail validation should validate nick+buytaert@contribute.be - plus sign in the local part (true)" time="0.0" failure="false"/><testcase classname="jasmine" name="isEmail validation should NOT validate nick buytaert@contribute.be - space in the local part (false)" time="0.0" failure="false"/><testcase classname="jasmine" name="isEmail validation should validate &quot;nickbuytaert&quot;@contribute.be - quotation marks in the local part (true)" time="0.0" failure="false"/><testcase classname="jasmine" name="isEmail validation should validate 1234567890@contribute.be - only numbers in the local part (true)" time="0.0" failure="false"/><testcase classname="jasmine" name="isEmail validation should validate nickbuytaert@contribute-cronos.be - dash in the domain part (true)" time="0.0" failure="false"/><testcase classname="jasmine" name="isEmail validation should validate nickbuytaert@contribute.cronos.be - dot in the domain part (true)" time="0.0" failure="false"/><testcase classname="jasmine" name="isEmail validation should NOT validate nickbuytaert@contri bute.be - space in the domain part (false)" time="0.0" failure="false"/><testcase classname="jasmine" name="isEmail validation should validate nickbuytaert@contribute.be - shortest TLD (minimum 2) (true)" time="0.0" failure="false"/><testcase classname="jasmine" name="isEmail validation should validate nickbuytaert@contribute.museum - longest TLD (maximum 6) (true)" time="0.0" failure="false"/><testcase classname="jasmine" name="isUrl validation should validate https://www.google.be/ (true)" time="0.0" failure="false"/><testcase classname="jasmine" name="isUrl validation should validate http://www.google.be/ (true)" time="0.0" failure="false"/><testcase classname="jasmine" name="isUrl validation should validate ftp://www.google.be/ (true)" time="0.0" failure="false"/><testcase classname="jasmine" name="isUrl validation should NOT validate htp://www.google.be/ (false)" time="0.0" failure="false"/><testcase classname="jasmine" name="isUrl validation should NOT validate www.google.be/ (false)" time="0.0" failure="false"/><testcase classname="jasmine" name="isUrl validation should NOT validate google.be (false)" time="0.0" failure="false"/><testcase classname="jasmine" name="isDate validation should validate 01/01/2013 - first day of the year (true)" time="0.0" failure="false"/><testcase classname="jasmine" name="isDate validation should validate 31/12/2013 - last day of the year (true)" time="0.0" failure="false"/><testcase classname="jasmine" name="isDate validation should validate 31/01/2013 - 31 days in January (true)" time="0.0" failure="false"/><testcase classname="jasmine" name="isDate validation should NOT validate 31/04/2013 - 30 days in April (false)" time="0.0" failure="false"/><testcase classname="jasmine" name="isDate validation should validate 29/02/2016 - leap year, 29 days in February (true)" time="0.0" failure="false"/><testcase classname="jasmine" name="isDate validation should NOT validate 29/02/2013 - no leap year, no 29 days in February (false)" time="0.0" failure="false"/><testcase classname="jasmine" name="isDate validation should NOT validate 00/01/2013 - 00 as day part (false)" time="0.0" failure="false"/><testcase classname="jasmine" name="isDate validation should NOT validate 01/13/2013 - no more than twelve months in a year (false)" time="0.0" failure="false"/><testcase classname="jasmine" name="isDate validation should NOT validate 01/01/13 - DD/MM/YY notation (false)" time="0.0" failure="false"/><testcase classname="jasmine" name="isDate validation should NOT validate xyz (false)" time="0.0" failure="false"/><testcase classname="jasmine" name="isDate validation should validate 01-01-2013 - dashes instead of slashes (true)" time="0.0" failure="false"/><testcase classname="jasmine" name="isDate validation should validate 01.01.2013 - dots instead of slashes (true)" time="0.0" failure="false"/><testcase classname="jasmine" name="minLength validation &quot;nick&quot; has a minimum length of 2 (true)" time="0.0" failure="false"/><testcase classname="jasmine" name="minLength validation &quot;ni&quot; has a minimum length of 2 (true)" time="0.0" failure="false"/><testcase classname="jasmine" name="minLength validation &quot;n&quot; does NOT have a minimum length of 2 (false)" time="0.0" failure="false"/><testcase classname="jasmine" name="minLength validation &quot;&quot; does NOT have a minimum length of 2, but is empty (true)" time="0.0" failure="false"/><testcase classname="jasmine" name="minLength validation &quot;   &quot; has a minimum length of 2 (true)" time="0.0" failure="false"/><testcase classname="jasmine" name="maxLength validation &quot;nick&quot; exceeds the maximum length of 2 (false)" time="0.0" failure="false"/><testcase classname="jasmine" name="maxLength validation &quot;ni&quot; does NOT exceed the maximum length of 2 (true)" time="0.0" failure="false"/><testcase classname="jasmine" name="maxLength validation &quot;n&quot; does NOT exceed the maximum length of 2 (true)" time="0.0" failure="false"/><testcase classname="jasmine" name="maxLength validation &quot;&quot; does NOT exceed the maximum length of 2 (true)" time="0.0" failure="false"/><testcase classname="jasmine" name="maxLength validation &quot;   &quot; exceeds the maximum length of 2 (false)" time="0.0" failure="false"/><testcase classname="jasmine" name="rangeLength validation &quot;nick&quot; lies between 2 and 6 characters (true)" time="0.0" failure="false"/><testcase classname="jasmine" name="rangeLength validation &quot;ni&quot; lies between 2 and 6 characters (true)" time="0.0" failure="false"/><testcase classname="jasmine" name="rangeLength validation &quot;nickii&quot; lies between 2 and 6 characters (true)" time="0.0" failure="false"/><testcase classname="jasmine" name="rangeLength validation &quot;n&quot; does NOT lie between 2 and 6 characters (false)" time="0.0" failure="false"/><testcase classname="jasmine" name="rangeLength validation &quot;nick buytaert&quot; does NOT lie between 2 and 6 characters (false)" time="0.0" failure="false"/><testcase classname="jasmine" name="rangeLength validation &quot;&quot; does NOT lie between 2 and 6 characters, but is empty (true)" time="0.0" failure="false"/><testcase classname="jasmine" name="rangeLength validation &quot;   &quot; lies between 2 and 6 characters (true)" time="0.0" failure="false"/><testcase classname="jasmine" name="minNumber validation 3 is greater than the minimum length of 2 (true)" time="0.0" failure="false"/><testcase classname="jasmine" name="minNumber validation 2 equals the minimum length of 2 (true)" time="0.0" failure="false"/><testcase classname="jasmine" name="minNumber validation 1 is less than the minimum length of 2 (false)" time="0.0" failure="false"/><testcase classname="jasmine" name="maxNumber validation 3 is greater than the maximum length of 2 (false)" time="0.0" failure="false"/><testcase classname="jasmine" name="maxNumber validation 2 equals the maximum length of 2 (true)" time="0.0" failure="false"/><testcase classname="jasmine" name="maxNumber validation 1 is less than the maximum length of 2 (true)" time="0.0" failure="false"/><testcase classname="jasmine" name="rangeNumber validation 4 lies between 2 and 6 (true)" time="0.0" failure="false"/><testcase classname="jasmine" name="rangeNumber validation 2 lies between 2 and 6 (true)" time="0.0" failure="false"/><testcase classname="jasmine" name="rangeNumber validation 6 lies between 2 and 6 (true)" time="0.0" failure="false"/><testcase classname="jasmine" name="rangeNumber validation 1 does NOT lie between 2 and 6 (false)" time="0.0" failure="false"/><testcase classname="jasmine" name="rangeNumber validation 7 does NOT lie between 2 and 6 (false)" time="0.0" failure="false"/><testcase classname="jasmine" name="minDate validation 31/07/1990 lies after 26/07/1990 (true)" time="0.0" failure="false"/><testcase classname="jasmine" name="minDate validation 26/07/1990 does NOT lie after 31/07/1990 (false)" time="0.0" failure="false"/><testcase classname="jasmine" name="minDate validation 26/07/1990 is the same date as 26/07/1990 (true)" time="0.0" failure="false"/><testcase classname="jasmine" name="maxDate validation 26/07/1990 lies before 01/01/1990 (true)" time="0.0" failure="false"/><testcase classname="jasmine" name="maxDate validation 26/07/1990 does NOT lie before 01/01/1990 (false)" time="0.0" failure="false"/><testcase classname="jasmine" name="maxDate validation 26/07/1990 is the same date as 26/07/1990 (true)" time="0.0" failure="false"/><testcase classname="jasmine" name="rangeDate validation 26/07/1990 lies between 01/01/1990 and 01/01/1991 (true)" time="0.0" failure="false"/><testcase classname="jasmine" name="rangeDate validation 26/07/1990 does NOT lie between 01/01/1990 and 31/01/1990 (false)" time="0.0" failure="false"/><testcase classname="jasmine" name="rangeDate validation 26/07/1990 lies between 26/07/1990 and 26/07/1990 (true)" time="0.0" failure="false"/></testsuite>